12:57:00,292 INFO  [Server] Starting JBoss (MX MicroKernel)...
12:57:00,292 INFO  [Server] Release ID: JBoss [WonderLand] 3.2.1 (build: CVSTag=JBoss_3_2_1 date=200305041533)
12:57:00,302 DEBUG [Server] Using config: org.jboss.system.server.ServerConfigImpl@503429
12:57:00,302 DEBUG [Server] Server type: class org.jboss.system.server.ServerImpl
12:57:00,302 INFO  [Server] Home Dir: C:\jengine2\run
12:57:00,302 INFO  [Server] Home URL: file:/C:/jengine2/run/
12:57:00,302 INFO  [Server] Library URL: file:/C:/jengine2/run/lib/
12:57:00,302 INFO  [Server] Patch URL: null
12:57:00,302 INFO  [Server] Server Name: default
12:57:00,302 INFO  [Server] Server Home Dir: C:\jengine2\run\server\default
12:57:00,302 INFO  [Server] Server Home URL: file:/C:/jengine2/run/server/default/
12:57:00,302 INFO  [Server] Server Data Dir: C:\jengine2\run\server\default\data
12:57:00,322 INFO  [Server] Server Temp Dir: C:\jengine2\run\server\default\tmp
12:57:00,322 INFO  [Server] Server Config URL: file:/C:/jengine2/run/server/default/conf/
12:57:00,332 INFO  [Server] Server Library URL: file:/C:/jengine2/run/server/default/lib/
12:57:00,332 INFO  [Server] Root Deployemnt Filename: jboss-service.xml
12:57:00,332 INFO  [Server] Starting General Purpose Architecture (GPA)...
12:57:00,793 DEBUG [ModelMBeanInvoker] No persistence-manager descriptor found, null persistence will be used
12:57:00,833 DEBUG [Server] Created MBeanServer: org.jboss.mx.server.MBeanServerImpl@bb7465
12:57:00,853 DEBUG [Server] Boot url list: [file:/C:/jengine2/run/server/default/conf/]
12:57:00,853 DEBUG [Server] Creating loader for URL: file:/C:/jengine2/run/server/default/conf/
12:57:00,873 DEBUG [UnifiedClassLoader] New jmx UCL with url file:/C:/jengine2/run/server/default/conf/
12:57:00,873 DEBUG [UnifiedLoaderRepository3] Adding org.jboss.mx.loading.UnifiedClassLoader3@ef5502{ url=file:/C:/jengine2/run/server/default/conf/ ,addedOrder=0}
12:57:00,943 INFO  [ServerInfo] Java version: 1.4.1_03,Sun Microsystems Inc.
12:57:00,943 INFO  [ServerInfo] Java VM: Java HotSpot(TM) Client VM 1.4.1_03-b02,Sun Microsystems Inc.
12:57:00,943 INFO  [ServerInfo] OS-System: Windows XP 5.1,x86
12:57:00,943 DEBUG [ServerInfo] Full System Properties Dump
12:57:00,943 DEBUG [ServerInfo]     java.runtime.name: Java(TM) 2 Runtime Environment, Standard Edition
12:57:00,943 DEBUG [ServerInfo]     jboss.server.base.dir: C:\jengine2\run\server
12:57:00,943 DEBUG [ServerInfo]     java.protocol.handler.pkgs: org.jboss.net.protocol
12:57:00,943 DEBUG [ServerInfo]     sun.boot.library.path: c:\j2sdk1.4.1_03\jre\bin
12:57:00,943 DEBUG [ServerInfo]     jboss.server.lib.url: file:/C:/jengine2/run/server/default/lib/
12:57:00,943 DEBUG [ServerInfo]     java.vm.version: 1.4.1_03-b02
12:57:00,943 DEBUG [ServerInfo]     java.vm.vendor: Sun Microsystems Inc.
12:57:00,943 DEBUG [ServerInfo]     java.vendor.url: http://java.sun.com/
12:57:00,943 DEBUG [ServerInfo]     path.separator: ;
12:57:00,943 DEBUG [ServerInfo]     java.vm.name: Java HotSpot(TM) Client VM
12:57:00,943 DEBUG [ServerInfo]     file.encoding.pkg: sun.io
12:57:00,943 DEBUG [ServerInfo]     user.country: US
12:57:00,943 DEBUG [ServerInfo]     sun.os.patch.level: Service Pack 1
12:57:00,943 DEBUG [ServerInfo]     program.name: run.bat
12:57:00,943 DEBUG [ServerInfo]     java.vm.specification.name: Java Virtual Machine Specification
12:57:00,943 DEBUG [ServerInfo]     user.dir: C:\JENGINE2\RUN\BIN
12:57:00,943 DEBUG [ServerInfo]     jboss.server.base.url: file:/C:/jengine2/run/server/
12:57:00,943 DEBUG [ServerInfo]     java.runtime.version: 1.4.1_03-b02
12:57:00,943 DEBUG [ServerInfo]     java.awt.graphicsenv: sun.awt.Win32GraphicsEnvironment
12:57:00,953 DEBUG [ServerInfo]     java.endorsed.dirs: c:\j2sdk1.4.1_03\jre\lib\endorsed
12:57:00,953 DEBUG [ServerInfo]     os.arch: x86
12:57:00,953 DEBUG [ServerInfo]     java.io.tmpdir: C:\WINDOWS\TEMP\
12:57:00,953 DEBUG [ServerInfo]     line.separator: 

12:57:00,953 DEBUG [ServerInfo]     jbossmx.loader.repository.class: org.jboss.mx.loading.UnifiedLoaderRepository3
12:57:00,953 DEBUG [ServerInfo]     java.vm.specification.vendor: Sun Microsystems Inc.
12:57:00,953 DEBUG [ServerInfo]     user.variant: 
12:57:00,953 DEBUG [ServerInfo]     os.name: Windows XP
12:57:00,953 DEBUG [ServerInfo]     sun.java2d.fontpath: 
12:57:00,953 DEBUG [ServerInfo]     jboss.server.temp.dir: C:\jengine2\run\server\default\tmp
12:57:00,953 DEBUG [ServerInfo]     jboss.home.dir: C:\jengine2\run
12:57:00,953 DEBUG [ServerInfo]     java.library.path: c:\j2sdk1.4.1_03\bin;.;C:\WINDOWS\System32;C:\WINDOWS;C:\WINDOWS\system32;C:\WINDOWS;C:\WINDOWS\System32\Wbem;C:\PROGRA~1\ATITEC~1\ATICON~1;C:\PROGRA~1\COMMON~1\ADAPTE~1\System
12:57:00,953 DEBUG [ServerInfo]     jboss.server.home.dir: C:\jengine2\run\server\default
12:57:00,953 DEBUG [ServerInfo]     java.specification.name: Java Platform API Specification
12:57:00,953 DEBUG [ServerInfo]     java.class.version: 48.0
12:57:00,953 DEBUG [ServerInfo]     jboss.server.config.url: file:/C:/jengine2/run/server/default/conf/
12:57:00,953 DEBUG [ServerInfo]     java.util.prefs.PreferencesFactory: java.util.prefs.WindowsPreferencesFactory
12:57:00,953 DEBUG [ServerInfo]     os.version: 5.1
12:57:00,953 DEBUG [ServerInfo]     jboss.home.url: file:/C:/jengine2/run/
12:57:00,953 DEBUG [ServerInfo]     user.home: C:\Documents and Settings\Owner
12:57:00,953 DEBUG [ServerInfo]     user.timezone: America/Los_Angeles
12:57:00,953 DEBUG [ServerInfo]     java.awt.printerjob: sun.awt.windows.WPrinterJob
12:57:00,953 DEBUG [ServerInfo]     java.specification.version: 1.4
12:57:00,953 DEBUG [ServerInfo]     file.encoding: Cp1252
12:57:00,953 DEBUG [ServerInfo]     jboss.server.home.url: file:/C:/jengine2/run/server/default/
12:57:00,953 DEBUG [ServerInfo]     user.name: Owner
12:57:00,963 DEBUG [ServerInfo]     java.class.path: ;c:\j2sdk1.4.1_03\lib\tools.jar;C:\jengine2\run\bin\\run.jar
12:57:00,963 DEBUG [ServerInfo]     jboss.lib.url: file:/C:/jengine2/run/lib/
12:57:00,963 DEBUG [ServerInfo]     jboss.server.name: default
12:57:00,963 DEBUG [ServerInfo]     java.vm.specification.version: 1.0
12:57:00,963 DEBUG [ServerInfo]     sun.arch.data.model: 32
12:57:00,963 DEBUG [ServerInfo]     java.home: c:\j2sdk1.4.1_03\jre
12:57:00,963 DEBUG [ServerInfo]     java.specification.vendor: Sun Microsystems Inc.
12:57:00,963 DEBUG [ServerInfo]     user.language: en
12:57:00,963 DEBUG [ServerInfo]     awt.toolkit: sun.awt.windows.WToolkit
12:57:00,963 DEBUG [ServerInfo]     java.vm.info: mixed mode
12:57:00,963 DEBUG [ServerInfo]     java.version: 1.4.1_03
12:57:00,963 DEBUG [ServerInfo]     java.ext.dirs: c:\j2sdk1.4.1_03\jre\lib\ext
12:57:00,963 DEBUG [ServerInfo]     jboss.server.data.dir: C:\jengine2\run\server\default\data
12:57:00,963 DEBUG [ServerInfo]     sun.boot.class.path: c:\j2sdk1.4.1_03\jre\lib\rt.jar;c:\j2sdk1.4.1_03\jre\lib\i18n.jar;c:\j2sdk1.4.1_03\jre\lib\sunrsasign.jar;c:\j2sdk1.4.1_03\jre\lib\jsse.jar;c:\j2sdk1.4.1_03\jre\lib\jce.jar;c:\j2sdk1.4.1_03\jre\lib\charsets.jar;c:\j2sdk1.4.1_03\jre\classes
12:57:00,963 DEBUG [ServerInfo]     java.vendor: Sun Microsystems Inc.
12:57:00,963 DEBUG [ServerInfo]     file.separator: \
12:57:00,963 DEBUG [ServerInfo]     java.vendor.url.bug: http://java.sun.com/cgi-bin/bugreport.cgi
12:57:00,963 DEBUG [ServerInfo]     sun.cpu.endian: little
12:57:00,963 DEBUG [ServerInfo]     sun.io.unicode.encoding: UnicodeLittle
12:57:00,963 DEBUG [ServerInfo]     sun.cpu.isalist: pentium i486 i386
12:57:00,963 DEBUG [Server] Created system MBean: jboss.system:type=ServerInfo
12:57:01,043 INFO  [ServiceController] Controller MBean online
12:57:01,053 DEBUG [Server] Created system MBean: jboss.system:service=ServiceController
12:57:01,123 DEBUG [Server] Created system MBean: jboss.system:service=MainDeployer
12:57:01,123 DEBUG [ServiceController] Creating service jboss.system:service=MainDeployer
12:57:01,194 INFO  [MainDeployer] Creating
12:57:01,234 INFO  [MainDeployer] Created
12:57:01,234 DEBUG [ServiceController] Creating dependent components for: jboss.system:service=MainDeployer dependents are: []
12:57:01,244 DEBUG [ServiceController] starting service jboss.system:service=MainDeployer
12:57:01,244 INFO  [MainDeployer] Starting
12:57:01,244 INFO  [MainDeployer] Started
12:57:01,244 DEBUG [ServiceController] Starting dependent components for: jboss.system:service=MainDeployer dependent components: []
12:57:01,244 DEBUG [Server] Shutdown hook added
12:57:01,354 DEBUG [Server] Created system MBean: jboss.system:service=JARDeployer
12:57:01,354 DEBUG [ServiceController] Creating service jboss.system:service=JARDeployer
12:57:01,354 INFO  [JARDeployer] Creating
12:57:01,394 INFO  [JARDeployer] Created
12:57:01,394 DEBUG [ServiceController] Creating dependent components for: jboss.system:service=JARDeployer dependents are: []
12:57:01,394 DEBUG [ServiceController] starting service jboss.system:service=JARDeployer
12:57:01,394 INFO  [JARDeployer] Starting
12:57:01,394 INFO  [MainDeployer] Adding deployer: org.jboss.deployment.JARDeployer@4e79f1
12:57:01,394 INFO  [JARDeployer] Started
12:57:01,404 DEBUG [ServiceController] Starting dependent components for: jboss.system:service=JARDeployer dependent components: []
12:57:01,424 DEBUG [Server] Created system MBean: jboss.system:service=ServiceDeployer
12:57:01,424 DEBUG [ServiceController] Creating service jboss.system:service=ServiceDeployer
12:57:01,424 INFO  [SARDeployer] Creating
12:57:01,464 INFO  [SARDeployer] Created
12:57:01,464 DEBUG [ServiceController] Creating dependent components for: jboss.system:service=ServiceDeployer dependents are: []
12:57:01,464 DEBUG [ServiceController] starting service jboss.system:service=ServiceDeployer
12:57:01,464 INFO  [SARDeployer] Starting
12:57:01,464 INFO  [MainDeployer] Adding deployer: org.jboss.deployment.SARDeployer@134a7d8
12:57:01,494 INFO  [SARDeployer] Started
12:57:01,504 DEBUG [ServiceController] Starting dependent components for: jboss.system:service=ServiceDeployer dependent components: []
12:57:01,504 INFO  [Server] Core system initialized
12:57:01,524 INFO  [MainDeployer] Starting deployment of package: file:/C:/jengine2/run/server/default/conf/jboss-service.xml
12:57:01,524 DEBUG [MainDeployer] Starting deployment (init step) of package at: file:/C:/jengine2/run/server/default/conf/jboss-service.xml
12:57:01,554 DEBUG [MainDeployer] using deployer org.jboss.deployment.SARDeployer@134a7d8
12:57:02,255 DEBUG [SARDeployer] about to copy 0 local directories
12:57:02,255 DEBUG [SARDeployer] looking for nested deployments in : file:/C:/jengine2/run/server/default/conf/jboss-service.xml
12:57:02,265 DEBUG [DeploymentInfo] createLoaderRepository from config: LoaderRepositoryConfig(repositoryName: JMImplementation:service=LoaderRepository,name=Default, repositoryClassName: null, configParserClassName: null, repositoryConfig: null)
12:57:02,265 DEBUG [UnifiedClassLoader] New jmx UCL with url file:/C:/jengine2/run/server/default/tmp/deploy/server/default/conf/jboss-service.xml/1.jboss-service.xml
12:57:02,265 DEBUG [UnifiedLoaderRepository3] Adding org.jboss.mx.loading.UnifiedClassLoader3@12611a7{ url=file:/C:/jengine2/run/server/default/tmp/deploy/server/default/conf/jboss-service.xml/1.jboss-service.xml ,addedOrder=0}
12:57:02,285 DEBUG [MainDeployer] found 0 subpackages of file:/C:/jengine2/run/server/default/conf/jboss-service.xml
12:57:02,295 DEBUG [MainDeployer] Watching new file: file:/C:/jengine2/run/server/default/conf/jboss-service.xml
12:57:02,295 DEBUG [MainDeployer] create step for deployment file:/C:/jengine2/run/server/default/conf/jboss-service.xml
12:57:02,295 DEBUG [SARDeployer] Deploying SAR, create step: url file:/C:/jengine2/run/server/default/conf/jboss-service.xml
12:57:02,305 DEBUG [SARDeployer] Found classpath element: [classpath: null]
12:57:02,315 DEBUG [SARDeployer] codebase URL is file:/C:/jengine2/run/server/default/lib/
12:57:02,315 DEBUG [SARDeployer] listing codebase for archives matching *
12:57:02,335 DEBUG [SARDeployer] URLLister class is org.jboss.net.protocol.file.FileURLLister
12:57:02,415 DEBUG [UnifiedClassLoader] Added url: file:/C:/jengine2/run/server/default/lib/activation.jar, to ucl: org.jboss.mx.loading.UnifiedClassLoader3@12611a7{ url=file:/C:/jengine2/run/server/default/tmp/deploy/server/default/conf/jboss-service.xml/1.jboss-service.xml ,addedOrder=2}
12:57:02,415 DEBUG [SARDeployer] deployed classes for file:/C:/jengine2/run/server/default/lib/activation.jar
12:57:02,566 DEBUG [UnifiedClassLoader] Added url: file:/C:/jengine2/run/server/default/lib/ant.jar, to ucl: org.jboss.mx.loading.UnifiedClassLoader3@12611a7{ url=file:/C:/jengine2/run/server/default/tmp/deploy/server/default/conf/jboss-service.xml/1.jboss-service.xml ,addedOrder=2}
12:57:02,566 DEBUG [SARDeployer] deployed classes for file:/C:/jengine2/run/server/default/lib/ant.jar
12:57:02,576 DEBUG [UnifiedClassLoader] Added url: file:/C:/jengine2/run/server/default/lib/autonumber-plugin.jar, to ucl: org.jboss.mx.loading.UnifiedClassLoader3@12611a7{ url=file:/C:/jengine2/run/server/default/tmp/deploy/server/default/conf/jboss-service.xml/1.jboss-service.xml ,addedOrder=2}
12:57:02,576 DEBUG [SARDeployer] deployed classes for file:/C:/jengine2/run/server/default/lib/autonumber-plugin.jar
12:57:02,696 DEBUG [UnifiedClassLoader] Added url: file:/C:/jengine2/run/server/default/lib/bcel.jar, to ucl: org.jboss.mx.loading.UnifiedClassLoader3@12611a7{ url=file:/C:/jengine2/run/server/default/tmp/deploy/server/default/conf/jboss-service.xml/1.jboss-service.xml ,addedOrder=2}
12:57:02,696 DEBUG [SARDeployer] deployed classes for file:/C:/jengine2/run/server/default/lib/bcel.jar
12:57:02,716 DEBUG [UnifiedClassLoader] Added url: file:/C:/jengine2/run/server/default/lib/bsh-core-1.2b7.jar, to ucl: org.jboss.mx.loading.UnifiedClassLoader3@12611a7{ url=file:/C:/jengine2/run/server/default/tmp/deploy/server/default/conf/jboss-service.xml/1.jboss-service.xml ,addedOrder=2}
12:57:02,716 DEBUG [SARDeployer] deployed classes for file:/C:/jengine2/run/server/default/lib/bsh-core-1.2b7.jar
12:57:02,726 DEBUG [UnifiedClassLoader] Added url: file:/C:/jengine2/run/server/default/lib/bsh-deployer.jar, to ucl: org.jboss.mx.loading.UnifiedClassLoader3@12611a7{ url=file:/C:/jengine2/run/server/default/tmp/deploy/server/default/conf/jboss-service.xml/1.jboss-service.xml ,addedOrder=2}
12:57:02,726 DEBUG [SARDeployer] deployed classes for file:/C:/jengine2/run/server/default/lib/bsh-deployer.jar
12:57:02,726 DEBUG [UnifiedClassLoader] Added url: file:/C:/jengine2/run/server/default/lib/hsqldb-plugin.jar, to ucl: org.jboss.mx.loading.UnifiedClassLoader3@12611a7{ url=file:/C:/jengine2/run/server/default/tmp/deploy/server/default/conf/jboss-service.xml/1.jboss-service.xml ,addedOrder=2}
12:57:02,726 DEBUG [SARDeployer] deployed classes for file:/C:/jengine2/run/server/default/lib/hsqldb-plugin.jar
12:57:02,766 DEBUG [UnifiedClassLoader] Added url: file:/C:/jengine2/run/server/default/lib/hsqldb.jar, to ucl: org.jboss.mx.loading.UnifiedClassLoader3@12611a7{ url=file:/C:/jengine2/run/server/default/tmp/deploy/server/default/conf/jboss-service.xml/1.jboss-service.xml ,addedOrder=2}
12:57:02,766 DEBUG [SARDeployer] deployed classes for file:/C:/jengine2/run/server/default/lib/hsqldb.jar
12:57:02,786 DEBUG [UnifiedClassLoader] Added url: file:/C:/jengine2/run/server/default/lib/javax.servlet.jar, to ucl: org.jboss.mx.loading.UnifiedClassLoader3@12611a7{ url=file:/C:/jengine2/run/server/default/tmp/deploy/server/default/conf/jboss-service.xml/1.jboss-service.xml ,addedOrder=2}
12:57:02,786 DEBUG [SARDeployer] deployed classes for file:/C:/jengine2/run/server/default/lib/javax.servlet.jar
12:57:02,806 DEBUG [UnifiedClassLoader] Added url: file:/C:/jengine2/run/server/default/lib/jboss-common-jdbc-wrapper.jar, to ucl: org.jboss.mx.loading.UnifiedClassLoader3@12611a7{ url=file:/C:/jengine2/run/server/default/tmp/deploy/server/default/conf/jboss-service.xml/1.jboss-service.xml ,addedOrder=2}
12:57:02,806 DEBUG [SARDeployer] deployed classes for file:/C:/jengine2/run/server/default/lib/jboss-common-jdbc-wrapper.jar
12:57:02,846 DEBUG [UnifiedClassLoader] Added url: file:/C:/jengine2/run/server/default/lib/jboss-j2ee.jar, to ucl: org.jboss.mx.loading.UnifiedClassLoader3@12611a7{ url=file:/C:/jengine2/run/server/default/tmp/deploy/server/default/conf/jboss-service.xml/1.jboss-service.xml ,addedOrder=2}
12:57:02,846 DEBUG [SARDeployer] deployed classes for file:/C:/jengine2/run/server/default/lib/jboss-j2ee.jar
12:57:02,866 DEBUG [UnifiedClassLoader] Added url: file:/C:/jengine2/run/server/default/lib/jboss-jaas.jar, to ucl: org.jboss.mx.loading.UnifiedClassLoader3@12611a7{ url=file:/C:/jengine2/run/server/default/tmp/deploy/server/default/conf/jboss-service.xml/1.jboss-service.xml ,addedOrder=2}
12:57:02,866 DEBUG [SARDeployer] deployed classes for file:/C:/jengine2/run/server/default/lib/jboss-jaas.jar
12:57:02,866 DEBUG [UnifiedClassLoader] Added url: file:/C:/jengine2/run/server/default/lib/jboss-jsr77.jar, to ucl: org.jboss.mx.loading.UnifiedClassLoader3@12611a7{ url=file:/C:/jengine2/run/server/default/tmp/deploy/server/default/conf/jboss-service.xml/1.jboss-service.xml ,addedOrder=2}
12:57:02,866 DEBUG [SARDeployer] deployed classes for file:/C:/jengine2/run/server/default/lib/jboss-jsr77.jar
12:57:02,916 DEBUG [UnifiedClassLoader] Added url: file:/C:/jengine2/run/server/default/lib/jboss-management.jar, to ucl: org.jboss.mx.loading.UnifiedClassLoader3@12611a7{ url=file:/C:/jengine2/run/server/default/tmp/deploy/server/default/conf/jboss-service.xml/1.jboss-service.xml ,addedOrder=2}
12:57:02,916 DEBUG [SARDeployer] deployed classes for file:/C:/jengine2/run/server/default/lib/jboss-management.jar
12:57:02,926 DEBUG [UnifiedClassLoader] Added url: file:/C:/jengine2/run/server/default/lib/jboss-transaction.jar, to ucl: org.jboss.mx.loading.UnifiedClassLoader3@12611a7{ url=file:/C:/jengine2/run/server/default/tmp/deploy/server/default/conf/jboss-service.xml/1.jboss-service.xml ,addedOrder=2}
12:57:02,926 DEBUG [SARDeployer] deployed classes for file:/C:/jengine2/run/server/default/lib/jboss-transaction.jar
12:57:03,176 DEBUG [UnifiedClassLoader] Added url: file:/C:/jengine2/run/server/default/lib/jboss.jar, to ucl: org.jboss.mx.loading.UnifiedClassLoader3@12611a7{ url=file:/C:/jengine2/run/server/default/tmp/deploy/server/default/conf/jboss-service.xml/1.jboss-service.xml ,addedOrder=2}
12:57:03,176 DEBUG [SARDeployer] deployed classes for file:/C:/jengine2/run/server/default/lib/jboss.jar
12:57:03,246 DEBUG [UnifiedClassLoader] Added url: file:/C:/jengine2/run/server/default/lib/jbossha.jar, to ucl: org.jboss.mx.loading.UnifiedClassLoader3@12611a7{ url=file:/C:/jengine2/run/server/default/tmp/deploy/server/default/conf/jboss-service.xml/1.jboss-service.xml ,addedOrder=2}
12:57:03,246 DEBUG [SARDeployer] deployed classes for file:/C:/jengine2/run/server/default/lib/jbossha.jar
12:57:03,337 DEBUG [UnifiedClassLoader] Added url: file:/C:/jengine2/run/server/default/lib/jbossmq.jar, to ucl: org.jboss.mx.loading.UnifiedClassLoader3@12611a7{ url=file:/C:/jengine2/run/server/default/tmp/deploy/server/default/conf/jboss-service.xml/1.jboss-service.xml ,addedOrder=2}
12:57:03,337 DEBUG [SARDeployer] deployed classes for file:/C:/jengine2/run/server/default/lib/jbossmq.jar
12:57:03,377 DEBUG [UnifiedClassLoader] Added url: file:/C:/jengine2/run/server/default/lib/jbosssx.jar, to ucl: org.jboss.mx.loading.UnifiedClassLoader3@12611a7{ url=file:/C:/jengine2/run/server/default/tmp/deploy/server/default/conf/jboss-service.xml/1.jboss-service.xml ,addedOrder=2}
12:57:03,387 DEBUG [SARDeployer] deployed classes for file:/C:/jengine2/run/server/default/lib/jbosssx.jar
12:57:03,397 DEBUG [UnifiedClassLoader] Added url: file:/C:/jengine2/run/server/default/lib/jcert.jar, to ucl: org.jboss.mx.loading.UnifiedClassLoader3@12611a7{ url=file:/C:/jengine2/run/server/default/tmp/deploy/server/default/conf/jboss-service.xml/1.jboss-service.xml ,addedOrder=2}
12:57:03,397 DEBUG [SARDeployer] deployed classes for file:/C:/jengine2/run/server/default/lib/jcert.jar
12:57:03,417 DEBUG [UnifiedClassLoader] Added url: file:/C:/jengine2/run/server/default/lib/jengine-tools.jar, to ucl: org.jboss.mx.loading.UnifiedClassLoader3@12611a7{ url=file:/C:/jengine2/run/server/default/tmp/deploy/server/default/conf/jboss-service.xml/1.jboss-service.xml ,addedOrder=2}
12:57:03,417 DEBUG [SARDeployer] deployed classes for file:/C:/jengine2/run/server/default/lib/jengine-tools.jar
12:57:03,437 DEBUG [UnifiedClassLoader] Added url: file:/C:/jengine2/run/server/default/lib/jengine.jar, to ucl: org.jboss.mx.loading.UnifiedClassLoader3@12611a7{ url=file:/C:/jengine2/run/server/default/tmp/deploy/server/default/conf/jboss-service.xml/1.jboss-service.xml ,addedOrder=2}
12:57:03,437 DEBUG [SARDeployer] deployed classes for file:/C:/jengine2/run/server/default/lib/jengine.jar
12:57:03,457 DEBUG [UnifiedClassLoader] Added url: file:/C:/jengine2/run/server/default/lib/jmx-adaptor-plugin.jar, to ucl: org.jboss.mx.loading.UnifiedClassLoader3@12611a7{ url=file:/C:/jengine2/run/server/default/tmp/deploy/server/default/conf/jboss-service.xml/1.jboss-service.xml ,addedOrder=2}
12:57:03,457 DEBUG [SARDeployer] deployed classes for file:/C:/jengine2/run/server/default/lib/jmx-adaptor-plugin.jar
12:57:03,457 DEBUG [UnifiedClassLoader] Added url: file:/C:/jengine2/run/server/default/lib/jnet.jar, to ucl: org.jboss.mx.loading.UnifiedClassLoader3@12611a7{ url=file:/C:/jengine2/run/server/default/tmp/deploy/server/default/conf/jboss-service.xml/1.jboss-service.xml ,addedOrder=2}
12:57:03,457 DEBUG [SARDeployer] deployed classes for file:/C:/jengine2/run/server/default/lib/jnet.jar
12:57:03,467 DEBUG [UnifiedClassLoader] Added url: file:/C:/jengine2/run/server/default/lib/jnpserver.jar, to ucl: org.jboss.mx.loading.UnifiedClassLoader3@12611a7{ url=file:/C:/jengine2/run/server/default/tmp/deploy/server/default/conf/jboss-service.xml/1.jboss-service.xml ,addedOrder=2}
12:57:03,467 DEBUG [SARDeployer] deployed classes for file:/C:/jengine2/run/server/default/lib/jnpserver.jar
12:57:03,467 DEBUG [UnifiedClassLoader] Added url: file:/C:/jengine2/run/server/default/lib/jpl-pattern.jar, to ucl: org.jboss.mx.loading.UnifiedClassLoader3@12611a7{ url=file:/C:/jengine2/run/server/default/tmp/deploy/server/default/conf/jboss-service.xml/1.jboss-service.xml ,addedOrder=2}
12:57:03,467 DEBUG [SARDeployer] deployed classes for file:/C:/jengine2/run/server/default/lib/jpl-pattern.jar
12:57:03,487 DEBUG [UnifiedClassLoader] Added url: file:/C:/jengine2/run/server/default/lib/jpl-util.jar, to ucl: org.jboss.mx.loading.UnifiedClassLoader3@12611a7{ url=file:/C:/jengine2/run/server/default/tmp/deploy/server/default/conf/jboss-service.xml/1.jboss-service.xml ,addedOrder=2}
12:57:03,487 DEBUG [SARDeployer] deployed classes for file:/C:/jengine2/run/server/default/lib/jpl-util.jar
12:57:03,597 DEBUG [UnifiedClassLoader] Added url: file:/C:/jengine2/run/server/default/lib/jsse.jar, to ucl: org.jboss.mx.loading.UnifiedClassLoader3@12611a7{ url=file:/C:/jengine2/run/server/default/tmp/deploy/server/default/conf/jboss-service.xml/1.jboss-service.xml ,addedOrder=2}
12:57:03,597 DEBUG [SARDeployer] deployed classes for file:/C:/jengine2/run/server/default/lib/jsse.jar
12:57:03,657 DEBUG [UnifiedClassLoader] Added url: file:/C:/jengine2/run/server/default/lib/jts.jar, to ucl: org.jboss.mx.loading.UnifiedClassLoader3@12611a7{ url=file:/C:/jengine2/run/server/default/tmp/deploy/server/default/conf/jboss-service.xml/1.jboss-service.xml ,addedOrder=2}
12:57:03,657 DEBUG [SARDeployer] deployed classes for file:/C:/jengine2/run/server/default/lib/jts.jar
12:57:03,707 DEBUG [UnifiedClassLoader] Added url: file:/C:/jengine2/run/server/default/lib/log4j.jar, to ucl: org.jboss.mx.loading.UnifiedClassLoader3@12611a7{ url=file:/C:/jengine2/run/server/default/tmp/deploy/server/default/conf/jboss-service.xml/1.jboss-service.xml ,addedOrder=2}
12:57:03,707 DEBUG [SARDeployer] deployed classes for file:/C:/jengine2/run/server/default/lib/log4j.jar
12:57:03,717 DEBUG [UnifiedClassLoader] Added url: file:/C:/jengine2/run/server/default/lib/mail-plugin.jar, to ucl: org.jboss.mx.loading.UnifiedClassLoader3@12611a7{ url=file:/C:/jengine2/run/server/default/tmp/deploy/server/default/conf/jboss-service.xml/1.jboss-service.xml ,addedOrder=2}
12:57:03,717 DEBUG [SARDeployer] deployed classes for file:/C:/jengine2/run/server/default/lib/mail-plugin.jar
12:57:03,757 DEBUG [UnifiedClassLoader] Added url: file:/C:/jengine2/run/server/default/lib/mail.jar, to ucl: org.jboss.mx.loading.UnifiedClassLoader3@12611a7{ url=file:/C:/jengine2/run/server/default/tmp/deploy/server/default/conf/jboss-service.xml/1.jboss-service.xml ,addedOrder=2}
12:57:03,757 DEBUG [SARDeployer] deployed classes for file:/C:/jengine2/run/server/default/lib/mail.jar
12:57:03,757 DEBUG [UnifiedClassLoader] Added url: file:/C:/jengine2/run/server/default/lib/properties-plugin.jar, to ucl: org.jboss.mx.loading.UnifiedClassLoader3@12611a7{ url=file:/C:/jengine2/run/server/default/tmp/deploy/server/default/conf/jboss-service.xml/1.jboss-service.xml ,addedOrder=2}
12:57:03,757 DEBUG [SARDeployer] deployed classes for file:/C:/jengine2/run/server/default/lib/properties-plugin.jar
12:57:03,767 DEBUG [UnifiedClassLoader] Added url: file:/C:/jengine2/run/server/default/lib/scheduler-plugin-example.jar, to ucl: org.jboss.mx.loading.UnifiedClassLoader3@12611a7{ url=file:/C:/jengine2/run/server/default/tmp/deploy/server/default/conf/jboss-service.xml/1.jboss-service.xml ,addedOrder=2}
12:57:03,767 DEBUG [SARDeployer] deployed classes for file:/C:/jengine2/run/server/default/lib/scheduler-plugin-example.jar
12:57:03,777 DEBUG [UnifiedClassLoader] Added url: file:/C:/jengine2/run/server/default/lib/scheduler-plugin.jar, to ucl: org.jboss.mx.loading.UnifiedClassLoader3@12611a7{ url=file:/C:/jengine2/run/server/default/tmp/deploy/server/default/conf/jboss-service.xml/1.jboss-service.xml ,addedOrder=2}
12:57:03,777 DEBUG [SARDeployer] deployed classes for file:/C:/jengine2/run/server/default/lib/scheduler-plugin.jar
12:57:03,787 DEBUG [UnifiedClassLoader] Added url: file:/C:/jengine2/run/server/default/lib/snmp-support.jar, to ucl: org.jboss.mx.loading.UnifiedClassLoader3@12611a7{ url=file:/C:/jengine2/run/server/default/tmp/deploy/server/default/conf/jboss-service.xml/1.jboss-service.xml ,addedOrder=2}
12:57:03,787 DEBUG [SARDeployer] deployed classes for file:/C:/jengine2/run/server/default/lib/snmp-support.jar
12:57:03,827 DEBUG [UnifiedClassLoader] Added url: file:/C:/jengine2/run/server/default/lib/tyrex.jar, to ucl: org.jboss.mx.loading.UnifiedClassLoader3@12611a7{ url=file:/C:/jengine2/run/server/default/tmp/deploy/server/default/conf/jboss-service.xml/1.jboss-service.xml ,addedOrder=2}
12:57:03,827 DEBUG [SARDeployer] deployed classes for file:/C:/jengine2/run/server/default/lib/tyrex.jar
12:57:03,968 DEBUG [UnifiedClassLoader] Added url: file:/C:/jengine2/run/server/default/lib/xalan.jar, to ucl: org.jboss.mx.loading.UnifiedClassLoader3@12611a7{ url=file:/C:/jengine2/run/server/default/tmp/deploy/server/default/conf/jboss-service.xml/1.jboss-service.xml ,addedOrder=2}
12:57:03,968 DEBUG [SARDeployer] deployed classes for file:/C:/jengine2/run/server/default/lib/xalan.jar
12:57:03,968 DEBUG [SARDeployer] Registering service UCL=jmx.loading:UCL=12611a7
12:57:03,978 DEBUG [ServiceCreator] About to create bean: jboss.system:type=Log4jService,service=Logging with code: org.jboss.logging.Log4jService
12:57:04,338 DEBUG [ServiceCreator] Created bean: jboss.system:type=Log4jService,service=Logging
12:57:04,348 DEBUG [ServiceConfigurator] ConfigurationURL set to resource:log4j.xml in jboss.system:type=Log4jService,service=Logging
12:57:04,348 DEBUG [ServiceConfigurator] Log4jQuiteMode set to true in jboss.system:type=Log4jService,service=Logging
12:57:04,348 DEBUG [ServiceCreator] About to create bean: jboss.rmi:type=RMIClassLoader with code: org.jboss.util.property.jmx.SystemPropertyClassValue
12:57:04,358 DEBUG [ServiceCreator] Created bean: jboss.rmi:type=RMIClassLoader
12:57:04,368 DEBUG [ServiceConfigurator] Property set to java.rmi.server.RMIClassLoaderSpi in jboss.rmi:type=RMIClassLoader
12:57:04,368 DEBUG [ServiceConfigurator] ClassName set to org.jboss.system.JBossRMIClassLoader in jboss.rmi:type=RMIClassLoader
12:57:04,368 DEBUG [ServiceCreator] About to create bean: jboss:service=WebService with code: org.jboss.web.WebService
12:57:04,418 DEBUG [ServiceCreator] Created bean: jboss:service=WebService
12:57:04,418 DEBUG [ServiceConfigurator] Port set to 8083 in jboss:service=WebService
12:57:04,418 DEBUG [ServiceConfigurator] DownloadServerClasses set to true in jboss:service=WebService
12:57:04,418 DEBUG [ServiceCreator] About to create bean: jboss.management.local:j2eeType=J2EEDomain,name=Manager with code: org.jboss.management.j2ee.LocalJBossServerDomain
12:57:04,468 DEBUG [LocalJBossServerDomain] ctor, name: jboss.management.local:j2eeType=J2EEDomain,name=Manager
12:57:04,498 DEBUG [LocalJBossServerDomain] postRegister(), parent: null
12:57:04,498 DEBUG [LocalJBossServerDomain] postCreation(), create J2EEServer instance
12:57:04,518 DEBUG [J2EEServer] postRegister(), parent: jboss.management.local:j2eeType=J2EEDomain,name=Manager
12:57:04,608 DEBUG [JVM] postRegister(), parent: jboss.management.local:j2eeType=J2EEServer,name=Local
12:57:04,608 DEBUG [LocalJBossServerDomain] Registered as listener of: jboss.system:service=ServiceController
12:57:04,608 DEBUG [ServiceCreator] Created bean: jboss.management.local:j2eeType=J2EEDomain,name=Manager
12:57:04,618 DEBUG [ServiceConfigurator] MainDeployer set to jboss.system:service=MainDeployer in jboss.management.local:j2eeType=J2EEDomain,name=Manager
12:57:04,628 DEBUG [ServiceConfigurator] SARDeployer set to jboss.system:service=ServiceDeployer in jboss.management.local:j2eeType=J2EEDomain,name=Manager
12:57:04,638 DEBUG [ServiceConfigurator] EARDeployer set to jboss.j2ee:service=EARDeployer in jboss.management.local:j2eeType=J2EEDomain,name=Manager
12:57:04,648 DEBUG [ServiceConfigurator] EJBDeployer set to jboss.ejb:service=EJBDeployer in jboss.management.local:j2eeType=J2EEDomain,name=Manager
12:57:04,659 DEBUG [ServiceConfigurator] RARDeployer set to jboss.jca:service=RARDeployer in jboss.management.local:j2eeType=J2EEDomain,name=Manager
12:57:04,669 DEBUG [ServiceConfigurator] CMDeployer set to jboss.jca:service=ConnectionFactoryDeployer in jboss.management.local:j2eeType=J2EEDomain,name=Manager
12:57:04,679 DEBUG [ServiceConfigurator] WARDeployer set to jboss.web:service=WebServer in jboss.management.local:j2eeType=J2EEDomain,name=Manager
12:57:04,689 DEBUG [ServiceConfigurator] MailService set to jboss:service=Mail in jboss.management.local:j2eeType=J2EEDomain,name=Manager
12:57:04,699 DEBUG [ServiceConfigurator] JNDIService set to jboss:service=Naming in jboss.management.local:j2eeType=J2EEDomain,name=Manager
12:57:04,709 DEBUG [ServiceConfigurator] JTAService set to jboss:service=TransactionManager in jboss.management.local:j2eeType=J2EEDomain,name=Manager
12:57:04,719 DEBUG [ServiceConfigurator] UserTransactionService set to jboss:service=ClientUserTransaction in jboss.management.local:j2eeType=J2EEDomain,name=Manager
12:57:04,729 DEBUG [ServiceCreator] About to create bean: jboss:service=Naming with code: org.jboss.naming.NamingService
12:57:04,779 DEBUG [ServiceCreator] Created bean: jboss:service=Naming
12:57:04,779 DEBUG [ServiceConfigurator] Port set to 1099 in jboss:service=Naming
12:57:04,779 DEBUG [ServiceCreator] About to create bean: jboss:service=JNDIView with code: org.jboss.naming.JNDIView
12:57:04,809 DEBUG [ServiceCreator] Created bean: jboss:service=JNDIView
12:57:04,809 DEBUG [ServiceCreator] About to create bean: jboss.security:service=SecurityConfig with code: org.jboss.security.plugins.SecurityConfig
12:57:04,829 DEBUG [ServiceCreator] Created bean: jboss.security:service=SecurityConfig
12:57:04,829 DEBUG [ServiceConfigurator] LoginConfig set to jboss.security:service=XMLLoginConfig in jboss.security:service=SecurityConfig
12:57:04,829 DEBUG [ServiceCreator] About to create bean: jboss.security:service=XMLLoginConfig with code: org.jboss.security.auth.login.XMLLoginConfig
12:57:04,889 DEBUG [ServiceCreator] Created bean: jboss.security:service=XMLLoginConfig
12:57:04,889 DEBUG [ServiceConfigurator] ConfigResource set to login-config.xml in jboss.security:service=XMLLoginConfig
12:57:04,899 DEBUG [ServiceCreator] About to create bean: jboss.security:service=JaasSecurityManager with code: org.jboss.security.plugins.JaasSecurityManagerService
12:57:05,089 DEBUG [ServiceCreator] Created bean: jboss.security:service=JaasSecurityManager
12:57:05,089 DEBUG [ServiceConfigurator] SecurityManagerClassName set to org.jboss.security.plugins.JaasSecurityManager in jboss.security:service=JaasSecurityManager
12:57:05,099 DEBUG [ServiceCreator] About to create bean: jboss.ejb:service=EJBDeployer with code: org.jboss.ejb.EJBDeployer
12:57:05,149 DEBUG [ServiceCreator] Created bean: jboss.ejb:service=EJBDeployer
12:57:05,149 DEBUG [ServiceConfigurator] VerifyDeployments set to true in jboss.ejb:service=EJBDeployer
12:57:05,149 DEBUG [ServiceConfigurator] ValidateDTDs set to false in jboss.ejb:service=EJBDeployer
12:57:05,149 DEBUG [ServiceConfigurator] MetricsEnabled set to false in jboss.ejb:service=EJBDeployer
12:57:05,149 DEBUG [ServiceConfigurator] VerifierVerbose set to true in jboss.ejb:service=EJBDeployer
12:57:05,149 DEBUG [ServiceConfigurator] StrictVerifier set to true in jboss.ejb:service=EJBDeployer
12:57:05,149 DEBUG [ServiceController] recording that jboss.ejb:service=EJBDeployer depends on jboss:service=TransactionManager
12:57:05,149 DEBUG [ServiceConfigurator] considering TransactionManagerServiceName with object name jboss:service=TransactionManager
12:57:05,149 DEBUG [ServiceController] recording that jboss.ejb:service=EJBDeployer depends on jboss:service=WebService
12:57:05,149 DEBUG [ServiceConfigurator] considering WebServiceName with object name jboss:service=WebService
12:57:05,149 DEBUG [ServiceCreator] About to create bean: jboss.j2ee:service=EARDeployer with code: org.jboss.deployment.EARDeployer
12:57:05,169 DEBUG [ServiceCreator] Created bean: jboss.j2ee:service=EARDeployer
12:57:05,169 DEBUG [ServiceCreator] About to create bean: jboss.scripts:service=BSHDeployer with code: org.jboss.varia.deployment.BeanShellSubDeployer
12:57:05,179 DEBUG [ServiceCreator] Created bean: jboss.scripts:service=BSHDeployer
12:57:05,179 DEBUG [ServiceCreator] About to create bean: jboss:service=invoker,type=jrmp with code: org.jboss.invocation.jrmp.server.JRMPInvoker
12:57:05,259 DEBUG [ServiceCreator] Created bean: jboss:service=invoker,type=jrmp
12:57:05,259 DEBUG [ServiceController] recording that jboss:service=invoker,type=jrmp depends on jboss:service=TransactionManager
12:57:05,269 DEBUG [ServiceConfigurator] considering <anonymous> with object name jboss:service=TransactionManager
12:57:05,269 DEBUG [ServiceCreator] About to create bean: jboss:service=invoker,type=local with code: org.jboss.invocation.local.LocalInvoker
12:57:05,279 DEBUG [ServiceCreator] Created bean: jboss:service=invoker,type=local
12:57:05,279 DEBUG [ServiceController] recording that jboss:service=invoker,type=local depends on jboss:service=TransactionManager
12:57:05,279 DEBUG [ServiceConfigurator] considering <anonymous> with object name jboss:service=TransactionManager
12:57:05,279 DEBUG [ServiceCreator] About to create bean: jboss:service=invoker,type=pooled with code: org.jboss.invocation.pooled.server.PooledInvoker
12:57:05,299 DEBUG [ServiceCreator] Created bean: jboss:service=invoker,type=pooled
12:57:05,299 DEBUG [ServiceConfigurator] NumAcceptThreads set to 1 in jboss:service=invoker,type=pooled
12:57:05,299 DEBUG [ServiceConfigurator] MaxPoolSize set to 300 in jboss:service=invoker,type=pooled
12:57:05,299 DEBUG [ServiceConfigurator] ClientMaxPoolSize set to 300 in jboss:service=invoker,type=pooled
12:57:05,309 DEBUG [ServiceConfigurator] SocketTimeout set to 60000 in jboss:service=invoker,type=pooled
12:57:05,309 DEBUG [ServiceConfigurator] ServerBindPort set to 0 in jboss:service=invoker,type=pooled
12:57:05,309 DEBUG [ServiceConfigurator] ClientConnectPort set to 0 in jboss:service=invoker,type=pooled
12:57:05,309 DEBUG [ServiceConfigurator] EnableTcpNoDelay set to false in jboss:service=invoker,type=pooled
12:57:05,309 DEBUG [ServiceController] recording that jboss:service=invoker,type=pooled depends on jboss:service=TransactionManager
12:57:05,309 DEBUG [ServiceConfigurator] considering TransactionManagerService with object name jboss:service=TransactionManager
12:57:05,309 DEBUG [ServiceCreator] About to create bean: jboss.deployment:type=DeploymentScanner,flavor=URL with code: org.jboss.deployment.scanner.URLDeploymentScanner
12:57:05,339 DEBUG [ServiceCreator] Created bean: jboss.deployment:type=DeploymentScanner,flavor=URL
12:57:05,339 DEBUG [ServiceController] recording that jboss.deployment:type=DeploymentScanner,flavor=URL depends on jboss.system:service=MainDeployer
12:57:05,339 DEBUG [ServiceConfigurator] considering Deployer with object name jboss.system:service=MainDeployer
12:57:05,360 DEBUG [ServiceConfigurator] URLComparator set to org.jboss.deployment.scanner.PrefixDeploymentSorter in jboss.deployment:type=DeploymentScanner,flavor=URL
12:57:05,370 DEBUG [ServiceConfigurator] Filter set to org.jboss.deployment.scanner.DeploymentFilter in jboss.deployment:type=DeploymentScanner,flavor=URL
12:57:05,370 DEBUG [ServiceConfigurator] ScanPeriod set to 5000 in jboss.deployment:type=DeploymentScanner,flavor=URL
12:57:05,380 DEBUG [ServiceConfigurator] URLs set to deploy/ in jboss.deployment:type=DeploymentScanner,flavor=URL
12:57:05,380 DEBUG [URLDeploymentScanner] Adding URL from spec: deploy/
12:57:05,380 DEBUG [URLDeploymentScanner] URL: file:/C:/jengine2/run/server/default/deploy/
12:57:05,380 DEBUG [URLDeploymentScanner] Added url: file:/C:/jengine2/run/server/default/deploy/
12:57:05,380 DEBUG [URLDeploymentScanner] URL list: [file:/C:/jengine2/run/server/default/deploy/]
12:57:05,380 DEBUG [ServiceConfigurator] RecursiveSearch set to false in jboss.deployment:type=DeploymentScanner,flavor=URL
12:57:05,380 DEBUG [ServiceController] Creating service jboss.system:type=Log4jService,service=Logging
12:57:05,380 INFO  [Log4jService] Creating
12:57:05,390 INFO  [Log4jService$URLWatchTimerTask] Configuring from URL: resource:log4j.xml
